{"level":"info","message":"Successfully connected to database","service":"hacker-news-scraper","timestamp":"2025-01-18T09:23:10.026Z"}
{"level":"info","message":"Server is running on port 3000","service":"hacker-news-scraper","timestamp":"2025-01-18T09:23:10.068Z"}
{"level":"info","message":"Environment: development","service":"hacker-news-scraper","timestamp":"2025-01-18T09:23:10.068Z"}
{"level":"info","message":"Shutting down gracefully...","service":"hacker-news-scraper","timestamp":"2025-01-18T09:23:28.816Z"}
{"level":"info","message":"Server closed","service":"hacker-news-scraper","timestamp":"2025-01-18T09:23:29.929Z"}
{"level":"info","message":"Successfully connected to database","service":"hacker-news-scraper","timestamp":"2025-01-18T09:24:35.587Z"}
{"level":"info","message":"Server is running on port 3000","service":"hacker-news-scraper","timestamp":"2025-01-18T09:24:35.629Z"}
{"level":"info","message":"Environment: development","service":"hacker-news-scraper","timestamp":"2025-01-18T09:24:35.629Z"}
{"level":"info","message":"Successfully scraped 30 stories","service":"hacker-news-scraper","timestamp":"2025-01-18T09:25:19.739Z"}
{"level":"info","message":"Shutting down gracefully...","service":"hacker-news-scraper","timestamp":"2025-01-18T09:25:53.763Z"}
{"level":"info","message":"Server closed","service":"hacker-news-scraper","timestamp":"2025-01-18T09:25:53.772Z"}
{"level":"info","message":"Successfully connected to database","service":"hacker-news-scraper","timestamp":"2025-01-18T09:30:34.175Z"}
{"level":"info","message":"Server is running on port 3000","service":"hacker-news-scraper","timestamp":"2025-01-18T09:30:34.220Z"}
{"level":"info","message":"Environment: development","service":"hacker-news-scraper","timestamp":"2025-01-18T09:30:34.220Z"}
{"level":"info","message":"Successfully scraped 30 stories","service":"hacker-news-scraper","timestamp":"2025-01-18T09:31:19.108Z"}
{"level":"error","message":"Error: \nInvalid `prisma.story.count()` invocation:\n\n{\n  select: {\n    _count: {\n      select: {\n        _all: true\n      }\n    }\n  }\n}\n\nUnknown argument `_all`. Did you mean `url`? Available options are marked with ?.","method":"GET","path":"/api/stories/stats/summary","service":"hacker-news-scraper","stack":"PrismaClientValidationError: \nInvalid `prisma.story.count()` invocation:\n\n{\n  select: {\n    _count: {\n      select: {\n        _all: true\n      }\n    }\n  }\n}\n\nUnknown argument `_all`. Did you mean `url`? Available options are marked with ?.\n    at wn (/Users/swataswayamdash/Projects/hacker-news-scraper/node_modules/@prisma/client/runtime/library.js:29:1363)\n    at $n.handleRequestError (/Users/swataswayamdash/Projects/hacker-news-scraper/node_modules/@prisma/client/runtime/library.js:121:6958)\n    at $n.handleAndLogRequestError (/Users/swataswayamdash/Projects/hacker-news-scraper/node_modules/@prisma/client/runtime/library.js:121:6623)\n    at $n.request (/Users/swataswayamdash/Projects/hacker-news-scraper/node_modules/@prisma/client/runtime/library.js:121:6307)\n    at async l (/Users/swataswayamdash/Projects/hacker-news-scraper/node_modules/@prisma/client/runtime/library.js:130:9633)","timestamp":"2025-01-18T09:31:22.728Z"}
{"level":"info","message":"Successfully connected to database","service":"hacker-news-scraper","timestamp":"2025-01-18T09:33:35.851Z"}
{"level":"info","message":"Server is running on port 3000","service":"hacker-news-scraper","timestamp":"2025-01-18T09:33:35.883Z"}
{"level":"info","message":"Environment: development","service":"hacker-news-scraper","timestamp":"2025-01-18T09:33:35.883Z"}
{"level":"info","message":"Successfully scraped 30 stories","service":"hacker-news-scraper","timestamp":"2025-01-18T09:34:19.800Z"}
{"level":"info","message":"Shutting down gracefully...","service":"hacker-news-scraper","timestamp":"2025-01-18T09:34:22.821Z"}
{"level":"info","message":"Server closed","service":"hacker-news-scraper","timestamp":"2025-01-18T09:34:22.828Z"}
{"level":"info","message":"Successfully connected to database","service":"hacker-news-scraper","timestamp":"2025-01-18T10:27:30.002Z"}
{"level":"info","message":"Server is running on port 3000","service":"hacker-news-scraper","timestamp":"2025-01-18T10:27:30.044Z"}
{"level":"info","message":"Environment: development","service":"hacker-news-scraper","timestamp":"2025-01-18T10:27:30.044Z"}
{"level":"info","message":"Successfully scraped 30 stories","service":"hacker-news-scraper","timestamp":"2025-01-18T10:28:14.790Z"}
{"level":"info","message":"Shutting down gracefully...","service":"hacker-news-scraper","timestamp":"2025-01-18T10:29:59.856Z"}
{"level":"info","message":"Server closed","service":"hacker-news-scraper","timestamp":"2025-01-18T10:29:59.863Z"}
{"level":"info","message":"Successfully connected to database","service":"hacker-news-scraper","timestamp":"2025-01-18T10:31:03.431Z"}
{"level":"info","message":"Server is running on port 3000","service":"hacker-news-scraper","timestamp":"2025-01-18T10:31:03.475Z"}
{"level":"info","message":"Environment: development","service":"hacker-news-scraper","timestamp":"2025-01-18T10:31:03.476Z"}
{"level":"info","message":"Shutting down gracefully...","service":"hacker-news-scraper","timestamp":"2025-01-18T10:31:13.461Z"}
{"level":"info","message":"Server closed","service":"hacker-news-scraper","timestamp":"2025-01-18T10:31:14.790Z"}
{"level":"info","message":"Successfully connected to database","service":"hacker-news-scraper","timestamp":"2025-01-18T10:31:27.849Z"}
{"level":"info","message":"Server is running on port 3000","service":"hacker-news-scraper","timestamp":"2025-01-18T10:31:27.892Z"}
{"level":"info","message":"Environment: development","service":"hacker-news-scraper","timestamp":"2025-01-18T10:31:27.893Z"}
{"level":"info","message":"Successfully scraped 30 stories","service":"hacker-news-scraper","timestamp":"2025-01-18T10:32:12.433Z"}
{"level":"info","message":"Successfully scraped 30 stories","service":"hacker-news-scraper","timestamp":"2025-01-18T10:37:16.172Z"}
{"level":"info","message":"Shutting down gracefully...","service":"hacker-news-scraper","timestamp":"2025-01-18T10:41:44.750Z"}
{"level":"info","message":"Server closed","service":"hacker-news-scraper","timestamp":"2025-01-18T10:41:45.391Z"}
{"level":"info","message":"Successfully connected to database","service":"hacker-news-scraper","timestamp":"2025-01-19T12:40:40.125Z"}
{"level":"info","message":"Server is running on port 3000","service":"hacker-news-scraper","timestamp":"2025-01-19T12:40:40.168Z"}
{"level":"info","message":"Environment: development","service":"hacker-news-scraper","timestamp":"2025-01-19T12:40:40.168Z"}
{"level":"info","message":"Successfully scraped 30 stories","service":"hacker-news-scraper","timestamp":"2025-01-19T12:41:23.416Z"}
{"level":"info","message":"Successfully connected to database","service":"hacker-news-scraper","timestamp":"2025-01-19T12:42:29.981Z"}
{"level":"info","message":"Server is running on port 3000","service":"hacker-news-scraper","timestamp":"2025-01-19T12:42:30.015Z"}
{"level":"info","message":"Environment: development","service":"hacker-news-scraper","timestamp":"2025-01-19T12:42:30.016Z"}
{"level":"info","message":"Successfully scraped 30 stories","service":"hacker-news-scraper","timestamp":"2025-01-19T12:43:13.729Z"}
{"level":"info","message":"Shutting down gracefully...","service":"hacker-news-scraper","timestamp":"2025-01-19T12:46:55.545Z"}
{"level":"info","message":"Server closed","service":"hacker-news-scraper","timestamp":"2025-01-19T12:46:55.552Z"}
{"level":"info","message":"Successfully connected to database","service":"hacker-news-scraper","timestamp":"2025-01-19T12:54:27.240Z"}
{"level":"info","message":"Server is running on port 3000","service":"hacker-news-scraper","timestamp":"2025-01-19T12:54:27.279Z"}
{"level":"info","message":"Environment: development","service":"hacker-news-scraper","timestamp":"2025-01-19T12:54:27.279Z"}
{"level":"info","message":"Client disconnected","service":"hacker-news-scraper","timestamp":"2025-01-19T12:54:53.474Z"}
{"level":"info","message":"Successfully scraped 30 stories","service":"hacker-news-scraper","timestamp":"2025-01-19T12:55:15.703Z"}
{"level":"info","message":"Client disconnected","service":"hacker-news-scraper","timestamp":"2025-01-19T12:59:21.664Z"}
{"level":"info","message":"Client disconnected","service":"hacker-news-scraper","timestamp":"2025-01-19T12:59:24.710Z"}
{"level":"info","message":"Shutting down gracefully...","service":"hacker-news-scraper","timestamp":"2025-01-19T12:59:36.951Z"}
{"level":"info","message":"Server closed","service":"hacker-news-scraper","timestamp":"2025-01-19T12:59:37.621Z"}
{"level":"info","message":"Successfully connected to database","service":"hacker-news-scraper","timestamp":"2025-01-19T13:00:03.281Z"}
{"level":"info","message":"Server is running on port 3000","service":"hacker-news-scraper","timestamp":"2025-01-19T13:00:03.319Z"}
{"level":"info","message":"Environment: development","service":"hacker-news-scraper","timestamp":"2025-01-19T13:00:03.320Z"}
{"level":"info","message":"Successfully scraped 30 stories","service":"hacker-news-scraper","timestamp":"2025-01-19T13:00:47.175Z"}
{"level":"info","message":"Client disconnected","service":"hacker-news-scraper","timestamp":"2025-01-19T13:01:29.342Z"}
{"level":"info","message":"Shutting down gracefully...","service":"hacker-news-scraper","timestamp":"2025-01-19T13:03:45.031Z"}
{"level":"info","message":"Server closed","service":"hacker-news-scraper","timestamp":"2025-01-19T13:03:45.039Z"}
{"level":"info","message":"Successfully connected to database","service":"hacker-news-scraper","timestamp":"2025-01-19T13:13:05.391Z"}
{"level":"info","message":"Server is running on port 3000","service":"hacker-news-scraper","timestamp":"2025-01-19T13:13:05.438Z"}
{"level":"info","message":"Environment: development","service":"hacker-news-scraper","timestamp":"2025-01-19T13:13:05.439Z"}
{"level":"info","message":"Successfully scraped 30 stories","service":"hacker-news-scraper","timestamp":"2025-01-19T13:13:48.378Z"}
{"level":"info","message":"Shutting down gracefully...","service":"hacker-news-scraper","timestamp":"2025-01-19T13:14:25.728Z"}
{"level":"info","message":"Server closed","service":"hacker-news-scraper","timestamp":"2025-01-19T13:18:16.299Z"}
{"level":"info","message":"Successfully connected to database","service":"hacker-news-scraper","timestamp":"2025-01-19T13:29:09.115Z"}
{"level":"info","message":"Server is running on port 3000","service":"hacker-news-scraper","timestamp":"2025-01-19T13:29:09.156Z"}
{"level":"info","message":"Environment: development","service":"hacker-news-scraper","timestamp":"2025-01-19T13:29:09.156Z"}
{"level":"info","message":"Successfully scraped 30 stories","service":"hacker-news-scraper","timestamp":"2025-01-19T13:29:53.356Z"}
{"level":"info","message":"Shutting down gracefully...","service":"hacker-news-scraper","timestamp":"2025-01-19T13:30:28.318Z"}
{"level":"info","message":"Server closed","service":"hacker-news-scraper","timestamp":"2025-01-19T13:30:30.380Z"}
{"level":"info","message":"Successfully connected to database","service":"hacker-news-scraper","timestamp":"2025-01-19T13:38:51.016Z"}
{"level":"info","message":"Server is running on port 3000","service":"hacker-news-scraper","timestamp":"2025-01-19T13:38:51.056Z"}
{"level":"info","message":"Environment: development","service":"hacker-news-scraper","timestamp":"2025-01-19T13:38:51.056Z"}
{"level":"info","message":"Successfully scraped 30 stories","service":"hacker-news-scraper","timestamp":"2025-01-19T13:39:33.113Z"}
{"level":"info","message":"Client disconnected","service":"hacker-news-scraper","timestamp":"2025-01-19T13:39:42.180Z"}
{"level":"info","message":"Shutting down gracefully...","service":"hacker-news-scraper","timestamp":"2025-01-19T13:39:53.448Z"}
{"level":"info","message":"Server closed","service":"hacker-news-scraper","timestamp":"2025-01-19T13:39:53.457Z"}
